<?xml version="1.0" encoding="UTF-8"?>
<!-- Generated by org.testng.reporters.JUnitReportReporter -->
<testsuite hostname="PC238680" name="seleniumcommandspack.Screenshotcalling" tests="1" failures="0" timestamp="23 May 2017 12:17:52 GMT" time="17.406" errors="0">
  <testcase name="ScreenshotMethods" time="17.406" classname="seleniumcommandspack.Screenshotcalling"/>
</testsuite> <!-- seleniumcommandspack.Screenshotcalling -->
