<?xml version="1.0" encoding="UTF-8"?>
<!-- Generated by org.testng.reporters.JUnitReportReporter -->
<testsuite hostname="PC238680" name="configpackage.SimpleTestexe" tests="2" failures="0" timestamp="24 May 2017 10:59:58 GMT" time="0.054" errors="0">
  <testcase name="Verifypagetile" time="0.014" classname="configpackage.SimpleTestexe"/>
  <testcase name="Verifypagetile" time="0.040" classname="configpackage.SimpleTestexe"/>
</testsuite> <!-- configpackage.SimpleTestexe -->
