<?xml version="1.0" encoding="UTF-8"?>
<!-- Generated by org.testng.reporters.JUnitReportReporter -->
<testsuite hostname="PC238680" name="configpackage.SimpleTestexe" tests="2" failures="0" timestamp="29 May 2017 09:11:29 GMT" time="11.973" errors="0">
  <testcase name="Verifypagetile" time="3.744" classname="configpackage.SimpleTestexe"/>
  <testcase name="Verifypagetile" time="8.229" classname="configpackage.SimpleTestexe"/>
</testsuite> <!-- configpackage.SimpleTestexe -->
