<?xml version="1.0" encoding="UTF-8"?>
<!-- Generated by org.testng.reporters.JUnitReportReporter -->
<testsuite hostname="PC238680" name="seleniumcommandspack.GroupingTestcases" tests="3" failures="0" timestamp="23 May 2017 07:10:46 GMT" time="0.030" errors="0">
  <testcase name="testcasedefault" time="0.000" classname="seleniumcommandspack.GroupingTestcases"/>
  <testcase name="RegressionTestcases" time="0.020" classname="seleniumcommandspack.GroupingTestcases"/>
  <testcase name="SmokeTestcases" time="0.010" classname="seleniumcommandspack.GroupingTestcases"/>
</testsuite> <!-- seleniumcommandspack.GroupingTestcases -->
