<?xml version="1.0" encoding="UTF-8"?>
<!-- Generated by org.testng.reporters.JUnitReportReporter -->
<testsuite hostname="PC238680" name="seleniumcommandspack.DesiredcapabilityHandling" tests="1" failures="0" timestamp="23 May 2017 06:23:40 GMT" time="11.709" errors="0">
  <testcase name="ChromeDesiredcapabilityHandling" time="11.709" classname="seleniumcommandspack.DesiredcapabilityHandling"/>
</testsuite> <!-- seleniumcommandspack.DesiredcapabilityHandling -->
