<?xml version="1.0" encoding="UTF-8"?>
<!-- Generated by org.testng.reporters.JUnitReportReporter -->
<testsuite hostname="PC238680" name="testnglistener.samplepgmwithlistenerreport" tests="1" failures="0" timestamp="24 May 2017 06:24:41 GMT" time="20.571" errors="0">
  <testcase name="VerifypageTitle" time="20.571" classname="testnglistener.samplepgmwithlistenerreport"/>
</testsuite> <!-- testnglistener.samplepgmwithlistenerreport -->
