<?xml version="1.0" encoding="UTF-8"?>
<!-- Generated by org.testng.reporters.JUnitReportReporter -->
<testsuite hostname="PC238680" name="seleniumcommandspack.Refreshpage" tests="1" failures="0" timestamp="19 May 2017 06:01:30 GMT" time="36.779" errors="0">
  <testcase name="Refreshthepage" time="36.779" classname="seleniumcommandspack.Refreshpage"/>
</testsuite> <!-- seleniumcommandspack.Refreshpage -->
