<?xml version="1.0" encoding="UTF-8"?>
<!-- Generated by org.testng.reporters.JUnitReportReporter -->
<testsuite hostname="PC238680" name="dbconnection.SeleniumSQL" tests="1" failures="0" timestamp="25 May 2017 08:35:04 GMT" time="0.012" errors="0">
  <testcase name="SeleniumSQLHandling" time="0.012" classname="dbconnection.SeleniumSQL"/>
</testsuite> <!-- dbconnection.SeleniumSQL -->
