<?xml version="1.0" encoding="UTF-8"?>
<!-- Generated by org.testng.reporters.JUnitReportReporter -->
<testsuite hostname="PC238680" name="testcases.Log4jTestcase" tests="1" failures="0" timestamp="22 Jun 2017 09:27:07 GMT" time="22.855" errors="0">
  <testcase name="LoginTestcase" time="22.855" classname="testcases.Log4jTestcase"/>
</testsuite> <!-- testcases.Log4jTestcase -->
