<?xml version="1.0" encoding="UTF-8"?>
<!-- Generated by org.testng.reporters.JUnitReportReporter -->
<testsuite hostname="PC238680" name="testcases.VerifyLoginpagewithreport" tests="1" failures="0" timestamp="7 Jun 2017 09:18:14 GMT" time="14.354" errors="0">
  <testcase name="LoginTestcase" time="14.354" classname="testcases.VerifyLoginpagewithreport"/>
</testsuite> <!-- testcases.VerifyLoginpagewithreport -->
