<?xml version="1.0" encoding="UTF-8"?>
<!-- Generated by org.testng.reporters.JUnitReportReporter -->
<testsuite hostname="PC238680" name="testcases.RunintwobrowserLogin" tests="2" failures="0" timestamp="7 Jun 2017 10:17:52 GMT" time="39.337" errors="0">
  <testcase name="Loginapp" time="28.808" classname="testcases.RunintwobrowserLogin"/>
  <testcase name="Loginapp" time="10.529" classname="testcases.RunintwobrowserLogin"/>
</testsuite> <!-- testcases.RunintwobrowserLogin -->
