<?xml version="1.0" encoding="UTF-8"?>
<!-- Generated by org.testng.reporters.JUnitReportReporter -->
<testsuite hostname="PC238680" name="runs.LoginTest" tests="2" failures="0" timestamp="6 Jun 2017 11:09:19 GMT" time="26.079" errors="0">
  <testcase name="Loginintotheapplication" time="12.466" classname="runs.LoginTest"/>
  <testcase name="Loginintotheapplication" time="13.613" classname="runs.LoginTest"/>
</testsuite> <!-- runs.LoginTest -->
