<?xml version="1.0" encoding="UTF-8"?>
<!-- Generated by org.testng.reporters.JUnitReportReporter -->
<testsuite hostname="PC238680" name="runs.LoginTest" tests="2" failures="0" timestamp="30 May 2017 11:42:07 GMT" time="11.909" errors="0">
  <testcase name="Loginintotheapplication" time="2.547" classname="runs.LoginTest"/>
  <testcase name="Loginintotheapplication" time="9.362" classname="runs.LoginTest"/>
</testsuite> <!-- runs.LoginTest -->
