<?xml version="1.0" encoding="UTF-8"?>
<!-- Generated by org.testng.reporters.JUnitReportReporter -->
<testsuite hostname="PC238680" name="runs.Loginwithparameters" tests="1" failures="0" timestamp="6 Jun 2017 11:40:39 GMT" time="29.826" errors="0">
  <testcase name="loginwithvalid" time="29.826" classname="runs.Loginwithparameters"/>
</testsuite> <!-- runs.Loginwithparameters -->
